<?xml version="1.0" encoding="UTF-8"?>
<testng-results ignored="0" total="2" passed="2" failed="0" skipped="0">
  <reporter-output>
  </reporter-output>
  <suite started-at="2023-02-10T20:31:01 MYT" name="Default suite" finished-at="2023-02-10T20:31:15 MYT" duration-ms="14269">
    <groups>
    </groups>
    <test started-at="2023-02-10T20:31:01 MYT" name="Default test" finished-at="2023-02-10T20:31:15 MYT" duration-ms="14269">
      <class name="com.test.MultipleTest">
        <test-method is-config="true" signature="Initalization()[pri:0, instance:com.test.MultipleTest@130c12b7]" started-at="2023-02-10T20:31:01 MYT" name="Initalization" finished-at="2023-02-10T20:31:10 MYT" duration-ms="8829" status="PASS">
          <reporter-output>
          </reporter-output>
        </test-method> <!-- Initalization -->
        <test-method signature="SelectDropDown()[pri:1, instance:com.test.MultipleTest@130c12b7]" started-at="2023-02-10T20:31:10 MYT" name="SelectDropDown" finished-at="2023-02-10T20:31:11 MYT" duration-ms="731" status="PASS">
          <reporter-output>
          </reporter-output>
        </test-method> <!-- SelectDropDown -->
        <test-method signature="AdvanceDropDown()[pri:2, instance:com.test.MultipleTest@130c12b7]" started-at="2023-02-10T20:31:11 MYT" name="AdvanceDropDown" finished-at="2023-02-10T20:31:15 MYT" duration-ms="4279" status="PASS">
          <reporter-output>
          </reporter-output>
        </test-method> <!-- AdvanceDropDown -->
        <test-method is-config="true" signature="CleanUp()[pri:0, instance:com.test.MultipleTest@130c12b7]" started-at="2023-02-10T20:31:15 MYT" name="CleanUp" finished-at="2023-02-10T20:31:15 MYT" duration-ms="317" status="PASS">
          <reporter-output>
          </reporter-output>
        </test-method> <!-- CleanUp -->
      </class> <!-- com.test.MultipleTest -->
    </test> <!-- Default test -->
  </suite> <!-- Default suite -->
</testng-results>
